<?xml version="1.0" encoding="UTF-8"?>
<!-- Generated by org.testng.reporters.JUnitXMLReporter -->
<testsuite hostname="DESKTOP-01THEB1" ignored="2" name="Regression" tests="1" failures="0" timestamp="14 Oct 2019 03:19:33 GMT" time="0.097" errors="0">
  <testcase name="createUser" time="0.032" classname="com.edureka.testng.AppDemo"/>
  <testcase name="editUser" time="0.0" classname="com.edureka.testng.AppDemo">
    <ignored/>
  </testcase> <!-- editUser -->
  <testcase name="deleteUser" time="0.0" classname="com.edureka.testng.AppDemo">
    <ignored/>
  </testcase> <!-- deleteUser -->
</testsuite> <!-- Regression -->
