<?xml version="1.0" encoding="UTF-8"?>
<testng-results skipped="0" failed="0" ignored="0" total="1" passed="1">
  <reporter-output>
  </reporter-output>
  <suite name="Selenium" duration-ms="98590" started-at="2019-10-23T02:25:42Z" finished-at="2019-10-23T02:27:20Z">
    <groups>
    </groups>
    <test name="ChromeTest" duration-ms="98590" started-at="2019-10-23T02:25:42Z" finished-at="2019-10-23T02:27:20Z">
      <class name="com.edureka.thirdpartytools.ComposeEmailWithAttachment">
        <test-method status="PASS" signature="openApp()[pri:0, instance:com.edureka.thirdpartytools.ComposeEmailWithAttachment@4f933fd1]" name="openApp" is-config="true" duration-ms="35536" started-at="2019-10-23T02:25:42Z" finished-at="2019-10-23T02:26:17Z">
          <reporter-output>
          </reporter-output>
        </test-method> <!-- openApp -->
        <test-method status="PASS" signature="composeEmail()[pri:0, instance:com.edureka.thirdpartytools.ComposeEmailWithAttachment@4f933fd1]" name="composeEmail" duration-ms="62940" started-at="2019-10-23T02:26:17Z" finished-at="2019-10-23T02:27:20Z">
          <reporter-output>
          </reporter-output>
        </test-method> <!-- composeEmail -->
      </class> <!-- com.edureka.thirdpartytools.ComposeEmailWithAttachment -->
    </test> <!-- ChromeTest -->
  </suite> <!-- Selenium -->
</testng-results>
